INFO: 2024/06/12 23:47:57 simulation.go:58: Simulation started
INFO: 2024/06/12 23:47:57 simulation.go:106: Updating simulation
INFO: 2024/06/12 23:47:57 simulation.go:121: Checking collisions
INFO: 2024/06/12 23:47:57 simulation.go:147: Drawing simulation
INFO: 2024/06/12 23:47:57 simulation.go:106: Updating simulation
INFO: 2024/06/12 23:47:57 simulation.go:121: Checking collisions
INFO: 2024/06/12 23:47:57 simulation.go:147: Drawing simulation
INFO: 2024/06/12 23:47:57 simulation.go:106: Updating simulation
INFO: 2024/06/12 23:47:57 simulation.go:121: Checking collisions
INFO: 2024/06/12 23:47:57 simulation.go:147: Drawing simulation
INFO: 2024/06/12 23:47:57 simulation.go:106: Updating simulation
INFO: 2024/06/12 23:47:57 simulation.go:121: Checking collisions
INFO: 2024/06/12 23:47:57 simulation.go:147: Drawing simulation
INFO: 2024/06/12 23:47:57 simulation.go:106: Updating simulation
INFO: 2024/06/12 23:47:57 simulation.go:121: Checking collisions
INFO: 2024/06/12 23:47:57 simulation.go:147: Drawing simulation
INFO: 2024/06/12 23:47:57 simulation.go:106: Updating simulation
INFO: 2024/06/12 23:47:57 simulation.go:121: Checking collisions
INFO: 2024/06/12 23:47:57 simulation.go:147: Drawing simulation
INFO: 2024/06/12 23:47:57 simulation.go:106: Updating simulation
INFO: 2024/06/12 23:47:57 simulation.go:121: Checking collisions
INFO: 2024/06/12 23:47:57 simulation.go:147: Drawing simulation
INFO: 2024/06/12 23:47:57 simulation.go:106: Updating simulation
INFO: 2024/06/12 23:47:57 simulation.go:121: Checking collisions
INFO: 2024/06/12 23:47:57 simulation.go:147: Drawing simulation
INFO: 2024/06/12 23:47:57 simulation.go:106: Updating simulation
INFO: 2024/06/12 23:47:57 simulation.go:121: Checking collisions
INFO: 2024/06/12 23:47:57 simulation.go:147: Drawing simulation
INFO: 2024/06/12 23:47:57 simulation.go:106: Updating simulation
INFO: 2024/06/12 23:47:57 simulation.go:121: Checking collisions
INFO: 2024/06/12 23:47:57 simulation.go:147: Drawing simulation
INFO: 2024/06/12 23:47:57 simulation.go:106: Updating simulation
INFO: 2024/06/12 23:47:57 simulation.go:121: Checking collisions
INFO: 2024/06/12 23:47:57 simulation.go:147: Drawing simulation
INFO: 2024/06/12 23:47:57 simulation.go:106: Updating simulation
INFO: 2024/06/12 23:47:57 simulation.go:121: Checking collisions
INFO: 2024/06/12 23:47:57 simulation.go:147: Drawing simulation
INFO: 2024/06/12 23:47:57 simulation.go:106: Updating simulation
INFO: 2024/06/12 23:47:57 simulation.go:121: Checking collisions
INFO: 2024/06/12 23:47:57 simulation.go:147: Drawing simulation
INFO: 2024/06/12 23:47:57 simulation.go:106: Updating simulation
INFO: 2024/06/12 23:47:57 simulation.go:121: Checking collisions
INFO: 2024/06/12 23:47:57 simulation.go:147: Drawing simulation
INFO: 2024/06/12 23:47:57 simulation.go:106: Updating simulation
INFO: 2024/06/12 23:47:57 simulation.go:121: Checking collisions
INFO: 2024/06/12 23:47:57 simulation.go:147: Drawing simulation
INFO: 2024/06/12 23:47:57 simulation.go:106: Updating simulation
INFO: 2024/06/12 23:47:57 simulation.go:121: Checking collisions
INFO: 2024/06/12 23:47:57 simulation.go:147: Drawing simulation
INFO: 2024/06/12 23:47:57 simulation.go:106: Updating simulation
INFO: 2024/06/12 23:47:57 simulation.go:121: Checking collisions
INFO: 2024/06/12 23:47:57 simulation.go:147: Drawing simulation
INFO: 2024/06/12 23:47:57 simulation.go:106: Updating simulation
INFO: 2024/06/12 23:47:57 simulation.go:121: Checking collisions
INFO: 2024/06/12 23:47:57 simulation.go:147: Drawing simulation
INFO: 2024/06/12 23:47:57 simulation.go:106: Updating simulation
INFO: 2024/06/12 23:47:57 simulation.go:121: Checking collisions
INFO: 2024/06/12 23:47:57 simulation.go:147: Drawing simulation
INFO: 2024/06/12 23:47:58 simulation.go:106: Updating simulation
INFO: 2024/06/12 23:47:58 simulation.go:121: Checking collisions
INFO: 2024/06/12 23:47:58 simulation.go:147: Drawing simulation
INFO: 2024/06/12 23:47:58 simulation.go:106: Updating simulation
INFO: 2024/06/12 23:47:58 simulation.go:121: Checking collisions
INFO: 2024/06/12 23:47:58 simulation.go:147: Drawing simulation
INFO: 2024/06/12 23:47:58 simulation.go:106: Updating simulation
INFO: 2024/06/12 23:47:58 simulation.go:121: Checking collisions
INFO: 2024/06/12 23:47:58 simulation.go:147: Drawing simulation
INFO: 2024/06/12 23:47:58 simulation.go:106: Updating simulation
INFO: 2024/06/12 23:47:58 simulation.go:121: Checking collisions
INFO: 2024/06/12 23:47:58 simulation.go:147: Drawing simulation
INFO: 2024/06/12 23:47:58 simulation.go:106: Updating simulation
INFO: 2024/06/12 23:47:58 simulation.go:121: Checking collisions
INFO: 2024/06/12 23:47:58 simulation.go:147: Drawing simulation
INFO: 2024/06/12 23:47:58 simulation.go:106: Updating simulation
INFO: 2024/06/12 23:47:58 simulation.go:121: Checking collisions
INFO: 2024/06/12 23:47:58 simulation.go:147: Drawing simulation
INFO: 2024/06/12 23:47:58 simulation.go:106: Updating simulation
INFO: 2024/06/12 23:47:58 simulation.go:121: Checking collisions
INFO: 2024/06/12 23:47:58 simulation.go:147: Drawing simulation
INFO: 2024/06/12 23:47:58 simulation.go:106: Updating simulation
INFO: 2024/06/12 23:47:58 simulation.go:121: Checking collisions
INFO: 2024/06/12 23:47:58 simulation.go:147: Drawing simulation
INFO: 2024/06/12 23:47:58 simulation.go:106: Updating simulation
INFO: 2024/06/12 23:47:58 simulation.go:121: Checking collisions
INFO: 2024/06/12 23:47:58 simulation.go:147: Drawing simulation
INFO: 2024/06/12 23:47:58 simulation.go:106: Updating simulation
INFO: 2024/06/12 23:47:58 simulation.go:121: Checking collisions
INFO: 2024/06/12 23:47:58 simulation.go:147: Drawing simulation
INFO: 2024/06/12 23:47:58 simulation.go:106: Updating simulation
INFO: 2024/06/12 23:47:58 simulation.go:121: Checking collisions
INFO: 2024/06/12 23:47:58 simulation.go:147: Drawing simulation
INFO: 2024/06/12 23:47:58 simulation.go:106: Updating simulation
INFO: 2024/06/12 23:47:58 simulation.go:121: Checking collisions
INFO: 2024/06/12 23:47:58 simulation.go:147: Drawing simulation
INFO: 2024/06/12 23:47:58 simulation.go:106: Updating simulation
INFO: 2024/06/12 23:47:58 simulation.go:121: Checking collisions
INFO: 2024/06/12 23:47:58 simulation.go:147: Drawing simulation
INFO: 2024/06/12 23:47:58 simulation.go:106: Updating simulation
INFO: 2024/06/12 23:47:58 simulation.go:121: Checking collisions
INFO: 2024/06/12 23:47:58 simulation.go:147: Drawing simulation
INFO: 2024/06/12 23:47:58 simulation.go:106: Updating simulation
INFO: 2024/06/12 23:47:58 simulation.go:121: Checking collisions
INFO: 2024/06/12 23:47:58 simulation.go:147: Drawing simulation
INFO: 2024/06/12 23:47:58 simulation.go:106: Updating simulation
INFO: 2024/06/12 23:47:58 simulation.go:121: Checking collisions
INFO: 2024/06/12 23:47:58 simulation.go:147: Drawing simulation
INFO: 2024/06/12 23:47:58 simulation.go:106: Updating simulation
INFO: 2024/06/12 23:47:58 simulation.go:121: Checking collisions
INFO: 2024/06/12 23:47:58 simulation.go:147: Drawing simulation
INFO: 2024/06/12 23:47:58 simulation.go:106: Updating simulation
INFO: 2024/06/12 23:47:58 simulation.go:121: Checking collisions
INFO: 2024/06/12 23:47:58 simulation.go:147: Drawing simulation
INFO: 2024/06/12 23:47:58 simulation.go:106: Updating simulation
INFO: 2024/06/12 23:47:58 simulation.go:121: Checking collisions
INFO: 2024/06/12 23:47:58 simulation.go:147: Drawing simulation
INFO: 2024/06/12 23:47:58 simulation.go:106: Updating simulation
INFO: 2024/06/12 23:47:58 simulation.go:121: Checking collisions
INFO: 2024/06/12 23:47:58 simulation.go:147: Drawing simulation
INFO: 2024/06/12 23:47:59 simulation.go:106: Updating simulation
INFO: 2024/06/12 23:47:59 simulation.go:121: Checking collisions
INFO: 2024/06/12 23:47:59 simulation.go:147: Drawing simulation
INFO: 2024/06/12 23:47:59 simulation.go:106: Updating simulation
INFO: 2024/06/12 23:47:59 simulation.go:121: Checking collisions
INFO: 2024/06/12 23:47:59 simulation.go:147: Drawing simulation
INFO: 2024/06/12 23:47:59 simulation.go:106: Updating simulation
INFO: 2024/06/12 23:47:59 simulation.go:121: Checking collisions
INFO: 2024/06/12 23:47:59 simulation.go:147: Drawing simulation
INFO: 2024/06/12 23:47:59 simulation.go:106: Updating simulation
INFO: 2024/06/12 23:47:59 simulation.go:121: Checking collisions
INFO: 2024/06/12 23:47:59 simulation.go:147: Drawing simulation
INFO: 2024/06/12 23:47:59 simulation.go:106: Updating simulation
INFO: 2024/06/12 23:47:59 simulation.go:121: Checking collisions
INFO: 2024/06/12 23:47:59 simulation.go:147: Drawing simulation
INFO: 2024/06/12 23:47:59 simulation.go:106: Updating simulation
INFO: 2024/06/12 23:47:59 simulation.go:121: Checking collisions
INFO: 2024/06/12 23:47:59 simulation.go:147: Drawing simulation
INFO: 2024/06/12 23:47:59 simulation.go:106: Updating simulation
INFO: 2024/06/12 23:47:59 simulation.go:121: Checking collisions
INFO: 2024/06/12 23:47:59 simulation.go:147: Drawing simulation
INFO: 2024/06/12 23:47:59 simulation.go:106: Updating simulation
INFO: 2024/06/12 23:47:59 simulation.go:121: Checking collisions
INFO: 2024/06/12 23:47:59 simulation.go:147: Drawing simulation
INFO: 2024/06/12 23:47:59 simulation.go:106: Updating simulation
INFO: 2024/06/12 23:47:59 simulation.go:121: Checking collisions
INFO: 2024/06/12 23:47:59 simulation.go:147: Drawing simulation
INFO: 2024/06/12 23:47:59 simulation.go:106: Updating simulation
INFO: 2024/06/12 23:47:59 simulation.go:121: Checking collisions
INFO: 2024/06/12 23:47:59 simulation.go:147: Drawing simulation
INFO: 2024/06/12 23:47:59 simulation.go:106: Updating simulation
INFO: 2024/06/12 23:47:59 simulation.go:121: Checking collisions
INFO: 2024/06/12 23:47:59 simulation.go:147: Drawing simulation
INFO: 2024/06/12 23:47:59 simulation.go:106: Updating simulation
INFO: 2024/06/12 23:47:59 simulation.go:121: Checking collisions
INFO: 2024/06/12 23:47:59 simulation.go:147: Drawing simulation
INFO: 2024/06/12 23:47:59 simulation.go:106: Updating simulation
INFO: 2024/06/12 23:47:59 simulation.go:121: Checking collisions
INFO: 2024/06/12 23:47:59 simulation.go:147: Drawing simulation
INFO: 2024/06/12 23:47:59 simulation.go:106: Updating simulation
INFO: 2024/06/12 23:47:59 simulation.go:121: Checking collisions
INFO: 2024/06/12 23:47:59 simulation.go:147: Drawing simulation
INFO: 2024/06/12 23:47:59 simulation.go:106: Updating simulation
INFO: 2024/06/12 23:47:59 simulation.go:121: Checking collisions
INFO: 2024/06/12 23:47:59 simulation.go:147: Drawing simulation
INFO: 2024/06/12 23:47:59 simulation.go:106: Updating simulation
INFO: 2024/06/12 23:47:59 simulation.go:121: Checking collisions
INFO: 2024/06/12 23:47:59 simulation.go:147: Drawing simulation
INFO: 2024/06/12 23:47:59 simulation.go:106: Updating simulation
INFO: 2024/06/12 23:47:59 simulation.go:121: Checking collisions
INFO: 2024/06/12 23:47:59 simulation.go:147: Drawing simulation
INFO: 2024/06/12 23:47:59 simulation.go:106: Updating simulation
INFO: 2024/06/12 23:47:59 simulation.go:121: Checking collisions
INFO: 2024/06/12 23:47:59 simulation.go:147: Drawing simulation
INFO: 2024/06/12 23:47:59 simulation.go:106: Updating simulation
INFO: 2024/06/12 23:47:59 simulation.go:121: Checking collisions
INFO: 2024/06/12 23:47:59 simulation.go:147: Drawing simulation
INFO: 2024/06/12 23:47:59 simulation.go:106: Updating simulation
INFO: 2024/06/12 23:47:59 simulation.go:121: Checking collisions
INFO: 2024/06/12 23:47:59 simulation.go:147: Drawing simulation
INFO: 2024/06/12 23:48:00 simulation.go:106: Updating simulation
INFO: 2024/06/12 23:48:00 simulation.go:121: Checking collisions
INFO: 2024/06/12 23:48:00 simulation.go:147: Drawing simulation
INFO: 2024/06/12 23:48:00 simulation.go:106: Updating simulation
INFO: 2024/06/12 23:48:00 simulation.go:121: Checking collisions
INFO: 2024/06/12 23:48:00 simulation.go:147: Drawing simulation
INFO: 2024/06/12 23:48:00 simulation.go:106: Updating simulation
INFO: 2024/06/12 23:48:00 simulation.go:121: Checking collisions
INFO: 2024/06/12 23:48:00 simulation.go:147: Drawing simulation
INFO: 2024/06/12 23:48:00 simulation.go:106: Updating simulation
INFO: 2024/06/12 23:48:00 simulation.go:121: Checking collisions
INFO: 2024/06/12 23:48:00 simulation.go:147: Drawing simulation
INFO: 2024/06/12 23:48:00 simulation.go:106: Updating simulation
INFO: 2024/06/12 23:48:00 simulation.go:121: Checking collisions
INFO: 2024/06/12 23:48:00 simulation.go:147: Drawing simulation
INFO: 2024/06/12 23:48:00 simulation.go:106: Updating simulation
INFO: 2024/06/12 23:48:00 simulation.go:121: Checking collisions
INFO: 2024/06/12 23:48:00 simulation.go:147: Drawing simulation
INFO: 2024/06/12 23:48:00 simulation.go:106: Updating simulation
INFO: 2024/06/12 23:48:00 simulation.go:121: Checking collisions
INFO: 2024/06/12 23:48:00 simulation.go:147: Drawing simulation
INFO: 2024/06/12 23:48:00 simulation.go:106: Updating simulation
INFO: 2024/06/12 23:48:00 simulation.go:121: Checking collisions
INFO: 2024/06/12 23:48:00 simulation.go:147: Drawing simulation
INFO: 2024/06/12 23:48:00 simulation.go:106: Updating simulation
INFO: 2024/06/12 23:48:00 simulation.go:121: Checking collisions
INFO: 2024/06/12 23:48:00 simulation.go:147: Drawing simulation
INFO: 2024/06/12 23:48:00 simulation.go:106: Updating simulation
INFO: 2024/06/12 23:48:00 simulation.go:121: Checking collisions
INFO: 2024/06/12 23:48:00 simulation.go:147: Drawing simulation
INFO: 2024/06/12 23:48:00 simulation.go:106: Updating simulation
INFO: 2024/06/12 23:48:00 simulation.go:121: Checking collisions
INFO: 2024/06/12 23:48:00 simulation.go:147: Drawing simulation
INFO: 2024/06/12 23:48:00 simulation.go:106: Updating simulation
INFO: 2024/06/12 23:48:00 simulation.go:121: Checking collisions
INFO: 2024/06/12 23:48:00 simulation.go:147: Drawing simulation
INFO: 2024/06/12 23:48:00 simulation.go:106: Updating simulation
INFO: 2024/06/12 23:48:00 simulation.go:121: Checking collisions
INFO: 2024/06/12 23:48:00 simulation.go:147: Drawing simulation
INFO: 2024/06/12 23:48:00 simulation.go:106: Updating simulation
INFO: 2024/06/12 23:48:00 simulation.go:121: Checking collisions
INFO: 2024/06/12 23:48:00 simulation.go:147: Drawing simulation
INFO: 2024/06/12 23:48:00 simulation.go:106: Updating simulation
INFO: 2024/06/12 23:48:00 simulation.go:121: Checking collisions
INFO: 2024/06/12 23:48:00 simulation.go:147: Drawing simulation
INFO: 2024/06/12 23:48:00 simulation.go:106: Updating simulation
INFO: 2024/06/12 23:48:00 simulation.go:121: Checking collisions
INFO: 2024/06/12 23:48:00 simulation.go:147: Drawing simulation
INFO: 2024/06/12 23:48:00 simulation.go:106: Updating simulation
INFO: 2024/06/12 23:48:00 simulation.go:121: Checking collisions
INFO: 2024/06/12 23:48:00 simulation.go:147: Drawing simulation
INFO: 2024/06/12 23:48:00 simulation.go:106: Updating simulation
INFO: 2024/06/12 23:48:00 simulation.go:121: Checking collisions
INFO: 2024/06/12 23:48:00 simulation.go:147: Drawing simulation
INFO: 2024/06/12 23:48:00 simulation.go:106: Updating simulation
INFO: 2024/06/12 23:48:00 simulation.go:121: Checking collisions
INFO: 2024/06/12 23:48:00 simulation.go:147: Drawing simulation
INFO: 2024/06/12 23:48:00 simulation.go:106: Updating simulation
INFO: 2024/06/12 23:48:00 simulation.go:121: Checking collisions
INFO: 2024/06/12 23:48:00 simulation.go:147: Drawing simulation
INFO: 2024/06/12 23:48:01 simulation.go:106: Updating simulation
INFO: 2024/06/12 23:48:01 simulation.go:121: Checking collisions
INFO: 2024/06/12 23:48:01 simulation.go:147: Drawing simulation
INFO: 2024/06/12 23:48:01 simulation.go:106: Updating simulation
INFO: 2024/06/12 23:48:01 simulation.go:121: Checking collisions
INFO: 2024/06/12 23:48:01 simulation.go:147: Drawing simulation
INFO: 2024/06/12 23:48:01 simulation.go:106: Updating simulation
INFO: 2024/06/12 23:48:01 simulation.go:121: Checking collisions
INFO: 2024/06/12 23:48:01 simulation.go:147: Drawing simulation
INFO: 2024/06/12 23:48:01 simulation.go:106: Updating simulation
INFO: 2024/06/12 23:48:01 simulation.go:121: Checking collisions
INFO: 2024/06/12 23:48:01 simulation.go:147: Drawing simulation
INFO: 2024/06/12 23:48:01 simulation.go:106: Updating simulation
INFO: 2024/06/12 23:48:01 simulation.go:121: Checking collisions
INFO: 2024/06/12 23:48:01 simulation.go:147: Drawing simulation
INFO: 2024/06/12 23:48:01 simulation.go:106: Updating simulation
INFO: 2024/06/12 23:48:01 simulation.go:121: Checking collisions
INFO: 2024/06/12 23:48:01 simulation.go:147: Drawing simulation
INFO: 2024/06/12 23:48:01 simulation.go:106: Updating simulation
INFO: 2024/06/12 23:48:01 simulation.go:121: Checking collisions
INFO: 2024/06/12 23:48:01 simulation.go:147: Drawing simulation
INFO: 2024/06/12 23:48:01 simulation.go:106: Updating simulation
INFO: 2024/06/12 23:48:01 simulation.go:121: Checking collisions
INFO: 2024/06/12 23:48:01 simulation.go:147: Drawing simulation
INFO: 2024/06/12 23:48:01 simulation.go:106: Updating simulation
INFO: 2024/06/12 23:48:01 simulation.go:121: Checking collisions
INFO: 2024/06/12 23:48:01 simulation.go:147: Drawing simulation
INFO: 2024/06/12 23:48:01 simulation.go:106: Updating simulation
INFO: 2024/06/12 23:48:01 simulation.go:121: Checking collisions
INFO: 2024/06/12 23:48:01 simulation.go:147: Drawing simulation
INFO: 2024/06/12 23:48:01 simulation.go:106: Updating simulation
INFO: 2024/06/12 23:48:01 simulation.go:121: Checking collisions
INFO: 2024/06/12 23:48:01 simulation.go:147: Drawing simulation
INFO: 2024/06/12 23:48:01 simulation.go:106: Updating simulation
INFO: 2024/06/12 23:48:01 simulation.go:121: Checking collisions
INFO: 2024/06/12 23:48:01 simulation.go:147: Drawing simulation
INFO: 2024/06/12 23:48:01 simulation.go:106: Updating simulation
INFO: 2024/06/12 23:48:01 simulation.go:121: Checking collisions
INFO: 2024/06/12 23:48:01 simulation.go:147: Drawing simulation
INFO: 2024/06/12 23:48:01 simulation.go:106: Updating simulation
INFO: 2024/06/12 23:48:01 simulation.go:121: Checking collisions
INFO: 2024/06/12 23:48:01 simulation.go:147: Drawing simulation
INFO: 2024/06/12 23:48:01 simulation.go:106: Updating simulation
INFO: 2024/06/12 23:48:01 simulation.go:121: Checking collisions
INFO: 2024/06/12 23:48:01 simulation.go:147: Drawing simulation
INFO: 2024/06/12 23:48:01 simulation.go:106: Updating simulation
INFO: 2024/06/12 23:48:01 simulation.go:121: Checking collisions
INFO: 2024/06/12 23:48:01 simulation.go:147: Drawing simulation
INFO: 2024/06/12 23:48:01 simulation.go:106: Updating simulation
INFO: 2024/06/12 23:48:01 simulation.go:121: Checking collisions
INFO: 2024/06/12 23:48:01 simulation.go:147: Drawing simulation
INFO: 2024/06/12 23:48:01 simulation.go:106: Updating simulation
INFO: 2024/06/12 23:48:01 simulation.go:121: Checking collisions
INFO: 2024/06/12 23:48:01 simulation.go:147: Drawing simulation
INFO: 2024/06/12 23:48:01 simulation.go:106: Updating simulation
INFO: 2024/06/12 23:48:01 simulation.go:121: Checking collisions
INFO: 2024/06/12 23:48:01 simulation.go:147: Drawing simulation
INFO: 2024/06/12 23:48:01 simulation.go:106: Updating simulation
INFO: 2024/06/12 23:48:01 simulation.go:121: Checking collisions
INFO: 2024/06/12 23:48:01 simulation.go:147: Drawing simulation
INFO: 2024/06/12 23:48:02 simulation.go:106: Updating simulation
INFO: 2024/06/12 23:48:02 simulation.go:121: Checking collisions
INFO: 2024/06/12 23:48:02 simulation.go:147: Drawing simulation
INFO: 2024/06/12 23:48:02 simulation.go:106: Updating simulation
INFO: 2024/06/12 23:48:02 simulation.go:121: Checking collisions
INFO: 2024/06/12 23:48:02 simulation.go:147: Drawing simulation
INFO: 2024/06/12 23:48:02 simulation.go:106: Updating simulation
INFO: 2024/06/12 23:48:02 simulation.go:121: Checking collisions
INFO: 2024/06/12 23:48:02 simulation.go:147: Drawing simulation
INFO: 2024/06/12 23:48:02 simulation.go:106: Updating simulation
INFO: 2024/06/12 23:48:02 simulation.go:121: Checking collisions
INFO: 2024/06/12 23:48:02 simulation.go:147: Drawing simulation
INFO: 2024/06/12 23:48:02 simulation.go:106: Updating simulation
INFO: 2024/06/12 23:48:02 simulation.go:121: Checking collisions
INFO: 2024/06/12 23:48:02 simulation.go:147: Drawing simulation
INFO: 2024/06/12 23:48:02 simulation.go:106: Updating simulation
INFO: 2024/06/12 23:48:02 simulation.go:121: Checking collisions
INFO: 2024/06/12 23:48:02 simulation.go:147: Drawing simulation
INFO: 2024/06/12 23:48:02 simulation.go:106: Updating simulation
INFO: 2024/06/12 23:48:02 simulation.go:121: Checking collisions
INFO: 2024/06/12 23:48:02 simulation.go:147: Drawing simulation
INFO: 2024/06/12 23:48:02 simulation.go:106: Updating simulation
INFO: 2024/06/12 23:48:02 simulation.go:121: Checking collisions
INFO: 2024/06/12 23:48:02 simulation.go:147: Drawing simulation
INFO: 2024/06/12 23:48:02 simulation.go:106: Updating simulation
INFO: 2024/06/12 23:48:02 simulation.go:121: Checking collisions
INFO: 2024/06/12 23:48:02 simulation.go:147: Drawing simulation
INFO: 2024/06/12 23:48:02 simulation.go:106: Updating simulation
INFO: 2024/06/12 23:48:02 simulation.go:121: Checking collisions
INFO: 2024/06/12 23:48:02 simulation.go:147: Drawing simulation
INFO: 2024/06/12 23:48:02 simulation.go:106: Updating simulation
INFO: 2024/06/12 23:48:02 simulation.go:121: Checking collisions
INFO: 2024/06/12 23:48:02 simulation.go:147: Drawing simulation
INFO: 2024/06/12 23:48:02 simulation.go:106: Updating simulation
INFO: 2024/06/12 23:48:02 simulation.go:121: Checking collisions
INFO: 2024/06/12 23:48:02 simulation.go:147: Drawing simulation
INFO: 2024/06/12 23:48:02 simulation.go:106: Updating simulation
INFO: 2024/06/12 23:48:02 simulation.go:121: Checking collisions
INFO: 2024/06/12 23:48:02 simulation.go:147: Drawing simulation
INFO: 2024/06/12 23:48:02 simulation.go:106: Updating simulation
INFO: 2024/06/12 23:48:02 simulation.go:121: Checking collisions
INFO: 2024/06/12 23:48:02 simulation.go:147: Drawing simulation
INFO: 2024/06/12 23:48:02 simulation.go:106: Updating simulation
INFO: 2024/06/12 23:48:02 simulation.go:121: Checking collisions
INFO: 2024/06/12 23:48:02 simulation.go:147: Drawing simulation
INFO: 2024/06/12 23:48:02 simulation.go:106: Updating simulation
INFO: 2024/06/12 23:48:02 simulation.go:121: Checking collisions
INFO: 2024/06/12 23:48:02 simulation.go:147: Drawing simulation
INFO: 2024/06/12 23:48:02 simulation.go:106: Updating simulation
INFO: 2024/06/12 23:48:02 simulation.go:121: Checking collisions
INFO: 2024/06/12 23:48:02 simulation.go:147: Drawing simulation
INFO: 2024/06/12 23:48:02 simulation.go:106: Updating simulation
INFO: 2024/06/12 23:48:02 simulation.go:121: Checking collisions
INFO: 2024/06/12 23:48:02 simulation.go:147: Drawing simulation
INFO: 2024/06/12 23:48:02 simulation.go:106: Updating simulation
INFO: 2024/06/12 23:48:02 simulation.go:121: Checking collisions
INFO: 2024/06/12 23:48:02 simulation.go:147: Drawing simulation
INFO: 2024/06/12 23:48:02 simulation.go:106: Updating simulation
INFO: 2024/06/12 23:48:02 simulation.go:121: Checking collisions
INFO: 2024/06/12 23:48:02 simulation.go:147: Drawing simulation
INFO: 2024/06/12 23:48:03 simulation.go:106: Updating simulation
INFO: 2024/06/12 23:48:03 simulation.go:121: Checking collisions
INFO: 2024/06/12 23:48:03 simulation.go:147: Drawing simulation
INFO: 2024/06/12 23:48:03 simulation.go:106: Updating simulation
INFO: 2024/06/12 23:48:03 simulation.go:121: Checking collisions
INFO: 2024/06/12 23:48:03 simulation.go:147: Drawing simulation
INFO: 2024/06/12 23:48:03 simulation.go:106: Updating simulation
INFO: 2024/06/12 23:48:03 simulation.go:121: Checking collisions
INFO: 2024/06/12 23:48:03 simulation.go:147: Drawing simulation
INFO: 2024/06/12 23:48:03 simulation.go:106: Updating simulation
INFO: 2024/06/12 23:48:03 simulation.go:121: Checking collisions
INFO: 2024/06/12 23:48:03 simulation.go:147: Drawing simulation
INFO: 2024/06/12 23:48:03 simulation.go:106: Updating simulation
INFO: 2024/06/12 23:48:03 simulation.go:121: Checking collisions
INFO: 2024/06/12 23:48:03 simulation.go:147: Drawing simulation
INFO: 2024/06/12 23:48:03 simulation.go:106: Updating simulation
INFO: 2024/06/12 23:48:03 simulation.go:121: Checking collisions
INFO: 2024/06/12 23:48:03 simulation.go:147: Drawing simulation
INFO: 2024/06/12 23:48:03 simulation.go:106: Updating simulation
INFO: 2024/06/12 23:48:03 simulation.go:121: Checking collisions
INFO: 2024/06/12 23:48:03 simulation.go:147: Drawing simulation
INFO: 2024/06/12 23:48:03 simulation.go:106: Updating simulation
INFO: 2024/06/12 23:48:03 simulation.go:121: Checking collisions
INFO: 2024/06/12 23:48:03 simulation.go:147: Drawing simulation
INFO: 2024/06/12 23:48:03 simulation.go:106: Updating simulation
INFO: 2024/06/12 23:48:03 simulation.go:121: Checking collisions
INFO: 2024/06/12 23:48:03 simulation.go:147: Drawing simulation
INFO: 2024/06/12 23:48:03 simulation.go:106: Updating simulation
INFO: 2024/06/12 23:48:03 simulation.go:121: Checking collisions
INFO: 2024/06/12 23:48:03 simulation.go:147: Drawing simulation
INFO: 2024/06/12 23:48:03 simulation.go:106: Updating simulation
INFO: 2024/06/12 23:48:03 simulation.go:121: Checking collisions
INFO: 2024/06/12 23:48:03 simulation.go:147: Drawing simulation
INFO: 2024/06/12 23:48:03 simulation.go:106: Updating simulation
INFO: 2024/06/12 23:48:03 simulation.go:121: Checking collisions
INFO: 2024/06/12 23:48:03 simulation.go:147: Drawing simulation
INFO: 2024/06/12 23:48:03 simulation.go:106: Updating simulation
INFO: 2024/06/12 23:48:03 snake.go:73: Reproducing snake
INFO: 2024/06/12 23:48:03 snake.go:91: Calculating reproduction position
INFO: 2024/06/12 23:49:58 simulation.go:58: Simulation started
INFO: 2024/06/12 23:49:58 simulation.go:106: Updating simulation
INFO: 2024/06/12 23:49:58 simulation.go:121: Checking collisions
INFO: 2024/06/12 23:49:58 simulation.go:147: Drawing simulation
INFO: 2024/06/12 23:49:58 simulation.go:106: Updating simulation
INFO: 2024/06/12 23:49:58 simulation.go:121: Checking collisions
INFO: 2024/06/12 23:49:58 simulation.go:147: Drawing simulation
INFO: 2024/06/12 23:49:58 simulation.go:106: Updating simulation
INFO: 2024/06/12 23:49:58 simulation.go:121: Checking collisions
INFO: 2024/06/12 23:49:58 simulation.go:147: Drawing simulation
INFO: 2024/06/12 23:49:58 simulation.go:106: Updating simulation
INFO: 2024/06/12 23:49:58 simulation.go:121: Checking collisions
INFO: 2024/06/12 23:49:58 simulation.go:147: Drawing simulation
INFO: 2024/06/12 23:49:58 simulation.go:106: Updating simulation
INFO: 2024/06/12 23:49:58 simulation.go:121: Checking collisions
INFO: 2024/06/12 23:49:58 simulation.go:147: Drawing simulation
INFO: 2024/06/12 23:49:58 simulation.go:106: Updating simulation
INFO: 2024/06/12 23:49:58 simulation.go:121: Checking collisions
INFO: 2024/06/12 23:49:58 simulation.go:147: Drawing simulation
INFO: 2024/06/12 23:49:58 simulation.go:106: Updating simulation
INFO: 2024/06/12 23:49:58 simulation.go:121: Checking collisions
INFO: 2024/06/12 23:49:58 simulation.go:147: Drawing simulation
INFO: 2024/06/12 23:49:58 simulation.go:106: Updating simulation
INFO: 2024/06/12 23:49:58 simulation.go:121: Checking collisions
INFO: 2024/06/12 23:49:58 simulation.go:147: Drawing simulation
INFO: 2024/06/12 23:49:58 simulation.go:106: Updating simulation
INFO: 2024/06/12 23:49:58 simulation.go:121: Checking collisions
INFO: 2024/06/12 23:49:58 simulation.go:147: Drawing simulation
INFO: 2024/06/12 23:49:58 simulation.go:106: Updating simulation
INFO: 2024/06/12 23:49:58 simulation.go:121: Checking collisions
INFO: 2024/06/12 23:49:58 simulation.go:147: Drawing simulation
INFO: 2024/06/12 23:49:58 simulation.go:106: Updating simulation
INFO: 2024/06/12 23:49:58 simulation.go:121: Checking collisions
INFO: 2024/06/12 23:49:58 simulation.go:147: Drawing simulation
INFO: 2024/06/12 23:49:58 simulation.go:106: Updating simulation
INFO: 2024/06/12 23:49:58 simulation.go:121: Checking collisions
INFO: 2024/06/12 23:49:58 simulation.go:147: Drawing simulation
INFO: 2024/06/12 23:49:58 simulation.go:106: Updating simulation
INFO: 2024/06/12 23:49:58 simulation.go:121: Checking collisions
INFO: 2024/06/12 23:49:58 simulation.go:147: Drawing simulation
INFO: 2024/06/12 23:49:58 simulation.go:106: Updating simulation
INFO: 2024/06/12 23:49:58 simulation.go:121: Checking collisions
INFO: 2024/06/12 23:49:58 simulation.go:147: Drawing simulation
INFO: 2024/06/12 23:49:58 simulation.go:106: Updating simulation
INFO: 2024/06/12 23:49:58 simulation.go:121: Checking collisions
INFO: 2024/06/12 23:49:58 simulation.go:147: Drawing simulation
INFO: 2024/06/12 23:49:58 simulation.go:106: Updating simulation
INFO: 2024/06/12 23:49:58 simulation.go:121: Checking collisions
INFO: 2024/06/12 23:49:58 simulation.go:147: Drawing simulation
INFO: 2024/06/12 23:49:58 simulation.go:106: Updating simulation
INFO: 2024/06/12 23:49:58 simulation.go:121: Checking collisions
INFO: 2024/06/12 23:49:58 simulation.go:147: Drawing simulation
INFO: 2024/06/12 23:49:58 simulation.go:106: Updating simulation
INFO: 2024/06/12 23:49:58 simulation.go:121: Checking collisions
INFO: 2024/06/12 23:49:58 simulation.go:147: Drawing simulation
INFO: 2024/06/12 23:49:59 simulation.go:106: Updating simulation
INFO: 2024/06/12 23:49:59 simulation.go:121: Checking collisions
INFO: 2024/06/12 23:49:59 simulation.go:147: Drawing simulation
INFO: 2024/06/12 23:49:59 simulation.go:106: Updating simulation
INFO: 2024/06/12 23:49:59 simulation.go:121: Checking collisions
INFO: 2024/06/12 23:49:59 simulation.go:147: Drawing simulation
INFO: 2024/06/12 23:49:59 simulation.go:106: Updating simulation
INFO: 2024/06/12 23:49:59 simulation.go:121: Checking collisions
INFO: 2024/06/12 23:49:59 simulation.go:147: Drawing simulation
INFO: 2024/06/12 23:49:59 simulation.go:106: Updating simulation
INFO: 2024/06/12 23:49:59 simulation.go:121: Checking collisions
INFO: 2024/06/12 23:49:59 simulation.go:147: Drawing simulation
INFO: 2024/06/12 23:49:59 simulation.go:106: Updating simulation
INFO: 2024/06/12 23:49:59 simulation.go:121: Checking collisions
INFO: 2024/06/12 23:49:59 simulation.go:147: Drawing simulation
INFO: 2024/06/12 23:49:59 simulation.go:106: Updating simulation
INFO: 2024/06/12 23:49:59 simulation.go:121: Checking collisions
INFO: 2024/06/12 23:49:59 simulation.go:147: Drawing simulation
INFO: 2024/06/12 23:49:59 simulation.go:106: Updating simulation
INFO: 2024/06/12 23:49:59 simulation.go:121: Checking collisions
INFO: 2024/06/12 23:49:59 simulation.go:147: Drawing simulation
INFO: 2024/06/12 23:49:59 simulation.go:106: Updating simulation
INFO: 2024/06/12 23:49:59 simulation.go:121: Checking collisions
INFO: 2024/06/12 23:49:59 simulation.go:147: Drawing simulation
INFO: 2024/06/12 23:49:59 simulation.go:106: Updating simulation
INFO: 2024/06/12 23:49:59 simulation.go:121: Checking collisions
INFO: 2024/06/12 23:49:59 simulation.go:147: Drawing simulation
INFO: 2024/06/12 23:49:59 simulation.go:106: Updating simulation
INFO: 2024/06/12 23:49:59 simulation.go:121: Checking collisions
INFO: 2024/06/12 23:49:59 simulation.go:147: Drawing simulation
INFO: 2024/06/12 23:49:59 simulation.go:106: Updating simulation
INFO: 2024/06/12 23:49:59 simulation.go:121: Checking collisions
INFO: 2024/06/12 23:49:59 simulation.go:147: Drawing simulation
INFO: 2024/06/12 23:49:59 simulation.go:106: Updating simulation
INFO: 2024/06/12 23:49:59 simulation.go:121: Checking collisions
INFO: 2024/06/12 23:49:59 simulation.go:147: Drawing simulation
INFO: 2024/06/12 23:49:59 simulation.go:106: Updating simulation
INFO: 2024/06/12 23:49:59 simulation.go:121: Checking collisions
INFO: 2024/06/12 23:49:59 simulation.go:147: Drawing simulation
INFO: 2024/06/12 23:49:59 simulation.go:106: Updating simulation
INFO: 2024/06/12 23:49:59 simulation.go:121: Checking collisions
INFO: 2024/06/12 23:49:59 simulation.go:147: Drawing simulation
INFO: 2024/06/12 23:49:59 simulation.go:106: Updating simulation
INFO: 2024/06/12 23:49:59 simulation.go:121: Checking collisions
INFO: 2024/06/12 23:49:59 simulation.go:147: Drawing simulation
INFO: 2024/06/12 23:49:59 simulation.go:106: Updating simulation
INFO: 2024/06/12 23:49:59 simulation.go:121: Checking collisions
INFO: 2024/06/12 23:49:59 simulation.go:147: Drawing simulation
INFO: 2024/06/12 23:49:59 simulation.go:106: Updating simulation
INFO: 2024/06/12 23:49:59 simulation.go:121: Checking collisions
INFO: 2024/06/12 23:49:59 simulation.go:147: Drawing simulation
INFO: 2024/06/12 23:49:59 simulation.go:106: Updating simulation
INFO: 2024/06/12 23:49:59 simulation.go:121: Checking collisions
INFO: 2024/06/12 23:49:59 simulation.go:147: Drawing simulation
INFO: 2024/06/12 23:49:59 simulation.go:106: Updating simulation
INFO: 2024/06/12 23:49:59 simulation.go:121: Checking collisions
INFO: 2024/06/12 23:49:59 simulation.go:147: Drawing simulation
INFO: 2024/06/12 23:49:59 simulation.go:106: Updating simulation
INFO: 2024/06/12 23:49:59 simulation.go:121: Checking collisions
INFO: 2024/06/12 23:49:59 simulation.go:147: Drawing simulation
INFO: 2024/06/12 23:50:00 simulation.go:106: Updating simulation
INFO: 2024/06/12 23:50:00 simulation.go:121: Checking collisions
INFO: 2024/06/12 23:50:00 simulation.go:147: Drawing simulation
INFO: 2024/06/12 23:50:00 simulation.go:106: Updating simulation
INFO: 2024/06/12 23:50:00 simulation.go:121: Checking collisions
INFO: 2024/06/12 23:50:00 simulation.go:147: Drawing simulation
INFO: 2024/06/12 23:50:00 simulation.go:106: Updating simulation
INFO: 2024/06/12 23:50:00 simulation.go:121: Checking collisions
INFO: 2024/06/12 23:50:00 simulation.go:147: Drawing simulation
INFO: 2024/06/12 23:50:00 simulation.go:106: Updating simulation
INFO: 2024/06/12 23:50:00 simulation.go:121: Checking collisions
INFO: 2024/06/12 23:50:00 simulation.go:147: Drawing simulation
INFO: 2024/06/12 23:50:00 simulation.go:106: Updating simulation
INFO: 2024/06/12 23:50:00 simulation.go:121: Checking collisions
INFO: 2024/06/12 23:50:00 simulation.go:147: Drawing simulation
INFO: 2024/06/12 23:50:00 simulation.go:106: Updating simulation
INFO: 2024/06/12 23:50:00 simulation.go:121: Checking collisions
INFO: 2024/06/12 23:50:00 simulation.go:147: Drawing simulation
INFO: 2024/06/12 23:50:00 simulation.go:106: Updating simulation
INFO: 2024/06/12 23:50:00 simulation.go:121: Checking collisions
INFO: 2024/06/12 23:50:00 simulation.go:147: Drawing simulation
INFO: 2024/06/12 23:50:00 simulation.go:106: Updating simulation
INFO: 2024/06/12 23:50:00 simulation.go:121: Checking collisions
INFO: 2024/06/12 23:50:00 simulation.go:147: Drawing simulation
INFO: 2024/06/12 23:50:00 simulation.go:106: Updating simulation
INFO: 2024/06/12 23:50:00 simulation.go:121: Checking collisions
INFO: 2024/06/12 23:50:00 simulation.go:147: Drawing simulation
INFO: 2024/06/12 23:50:00 simulation.go:106: Updating simulation
INFO: 2024/06/12 23:50:00 simulation.go:121: Checking collisions
INFO: 2024/06/12 23:50:00 simulation.go:147: Drawing simulation
INFO: 2024/06/12 23:50:00 simulation.go:106: Updating simulation
INFO: 2024/06/12 23:50:00 simulation.go:121: Checking collisions
INFO: 2024/06/12 23:50:00 simulation.go:147: Drawing simulation
INFO: 2024/06/12 23:50:00 simulation.go:106: Updating simulation
INFO: 2024/06/12 23:50:00 simulation.go:121: Checking collisions
INFO: 2024/06/12 23:50:00 simulation.go:147: Drawing simulation
INFO: 2024/06/12 23:50:00 simulation.go:106: Updating simulation
INFO: 2024/06/12 23:50:00 simulation.go:121: Checking collisions
INFO: 2024/06/12 23:50:00 simulation.go:147: Drawing simulation
INFO: 2024/06/12 23:50:00 simulation.go:106: Updating simulation
INFO: 2024/06/12 23:50:00 simulation.go:121: Checking collisions
INFO: 2024/06/12 23:50:00 simulation.go:147: Drawing simulation
INFO: 2024/06/12 23:50:00 simulation.go:106: Updating simulation
INFO: 2024/06/12 23:50:00 simulation.go:121: Checking collisions
INFO: 2024/06/12 23:50:00 simulation.go:147: Drawing simulation
INFO: 2024/06/12 23:50:00 simulation.go:106: Updating simulation
INFO: 2024/06/12 23:50:00 simulation.go:121: Checking collisions
INFO: 2024/06/12 23:50:00 simulation.go:147: Drawing simulation
INFO: 2024/06/12 23:50:00 simulation.go:106: Updating simulation
INFO: 2024/06/12 23:50:00 simulation.go:121: Checking collisions
INFO: 2024/06/12 23:50:00 simulation.go:147: Drawing simulation
INFO: 2024/06/12 23:50:00 simulation.go:106: Updating simulation
INFO: 2024/06/12 23:50:00 simulation.go:121: Checking collisions
INFO: 2024/06/12 23:50:00 simulation.go:147: Drawing simulation
INFO: 2024/06/12 23:50:00 simulation.go:106: Updating simulation
INFO: 2024/06/12 23:50:00 simulation.go:121: Checking collisions
INFO: 2024/06/12 23:50:00 simulation.go:147: Drawing simulation
INFO: 2024/06/12 23:50:00 simulation.go:106: Updating simulation
INFO: 2024/06/12 23:50:00 simulation.go:121: Checking collisions
INFO: 2024/06/12 23:50:00 simulation.go:147: Drawing simulation
INFO: 2024/06/12 23:50:01 simulation.go:106: Updating simulation
INFO: 2024/06/12 23:50:01 simulation.go:121: Checking collisions
INFO: 2024/06/12 23:50:01 simulation.go:147: Drawing simulation
INFO: 2024/06/12 23:50:01 simulation.go:106: Updating simulation
INFO: 2024/06/12 23:50:01 simulation.go:121: Checking collisions
INFO: 2024/06/12 23:50:01 simulation.go:147: Drawing simulation
INFO: 2024/06/12 23:50:01 simulation.go:106: Updating simulation
INFO: 2024/06/12 23:50:01 snake.go:73: Reproducing snake
INFO: 2024/06/12 23:50:01 snake.go:91: Calculating reproduction position
INFO: 2024/06/12 23:51:17 simulation.go:58: Simulation started
INFO: 2024/06/12 23:51:17 simulation.go:106: Updating simulation
INFO: 2024/06/12 23:51:17 simulation.go:121: Checking collisions
INFO: 2024/06/12 23:51:17 simulation.go:147: Drawing simulation
INFO: 2024/06/12 23:51:17 simulation.go:106: Updating simulation
INFO: 2024/06/12 23:51:17 simulation.go:121: Checking collisions
INFO: 2024/06/12 23:51:17 simulation.go:147: Drawing simulation
INFO: 2024/06/12 23:51:17 simulation.go:106: Updating simulation
INFO: 2024/06/12 23:51:17 simulation.go:121: Checking collisions
INFO: 2024/06/12 23:51:17 simulation.go:147: Drawing simulation
INFO: 2024/06/12 23:51:17 simulation.go:106: Updating simulation
INFO: 2024/06/12 23:51:17 simulation.go:121: Checking collisions
INFO: 2024/06/12 23:51:17 simulation.go:147: Drawing simulation
INFO: 2024/06/12 23:51:17 simulation.go:106: Updating simulation
INFO: 2024/06/12 23:51:17 simulation.go:121: Checking collisions
INFO: 2024/06/12 23:51:17 simulation.go:147: Drawing simulation
INFO: 2024/06/12 23:51:17 simulation.go:106: Updating simulation
INFO: 2024/06/12 23:51:17 simulation.go:121: Checking collisions
INFO: 2024/06/12 23:51:17 simulation.go:147: Drawing simulation
INFO: 2024/06/12 23:51:17 simulation.go:106: Updating simulation
INFO: 2024/06/12 23:51:17 simulation.go:121: Checking collisions
INFO: 2024/06/12 23:51:17 simulation.go:147: Drawing simulation
INFO: 2024/06/12 23:51:17 simulation.go:106: Updating simulation
INFO: 2024/06/12 23:51:17 simulation.go:121: Checking collisions
INFO: 2024/06/12 23:51:17 simulation.go:147: Drawing simulation
INFO: 2024/06/12 23:51:17 simulation.go:106: Updating simulation
INFO: 2024/06/12 23:51:17 simulation.go:121: Checking collisions
INFO: 2024/06/12 23:51:17 simulation.go:147: Drawing simulation
INFO: 2024/06/12 23:51:18 simulation.go:106: Updating simulation
INFO: 2024/06/12 23:51:18 simulation.go:121: Checking collisions
INFO: 2024/06/12 23:51:18 simulation.go:147: Drawing simulation
INFO: 2024/06/12 23:51:18 simulation.go:106: Updating simulation
INFO: 2024/06/12 23:51:18 simulation.go:121: Checking collisions
INFO: 2024/06/12 23:51:18 simulation.go:147: Drawing simulation
INFO: 2024/06/12 23:51:18 simulation.go:106: Updating simulation
INFO: 2024/06/12 23:51:18 simulation.go:121: Checking collisions
INFO: 2024/06/12 23:51:18 simulation.go:147: Drawing simulation
INFO: 2024/06/12 23:51:18 simulation.go:106: Updating simulation
INFO: 2024/06/12 23:51:18 simulation.go:121: Checking collisions
INFO: 2024/06/12 23:51:18 simulation.go:147: Drawing simulation
INFO: 2024/06/12 23:51:18 simulation.go:106: Updating simulation
INFO: 2024/06/12 23:51:18 simulation.go:121: Checking collisions
INFO: 2024/06/12 23:51:18 simulation.go:147: Drawing simulation
INFO: 2024/06/12 23:51:18 simulation.go:106: Updating simulation
INFO: 2024/06/12 23:51:18 simulation.go:121: Checking collisions
INFO: 2024/06/12 23:51:18 simulation.go:147: Drawing simulation
INFO: 2024/06/12 23:51:18 simulation.go:106: Updating simulation
INFO: 2024/06/12 23:51:18 simulation.go:121: Checking collisions
INFO: 2024/06/12 23:51:18 simulation.go:147: Drawing simulation
INFO: 2024/06/12 23:51:18 simulation.go:106: Updating simulation
INFO: 2024/06/12 23:51:18 simulation.go:121: Checking collisions
INFO: 2024/06/12 23:51:18 simulation.go:147: Drawing simulation
INFO: 2024/06/12 23:51:18 simulation.go:106: Updating simulation
INFO: 2024/06/12 23:51:18 simulation.go:121: Checking collisions
INFO: 2024/06/12 23:51:18 simulation.go:147: Drawing simulation
INFO: 2024/06/12 23:51:18 simulation.go:106: Updating simulation
INFO: 2024/06/12 23:51:18 simulation.go:121: Checking collisions
INFO: 2024/06/12 23:51:18 simulation.go:147: Drawing simulation
INFO: 2024/06/12 23:51:18 simulation.go:106: Updating simulation
INFO: 2024/06/12 23:51:18 simulation.go:121: Checking collisions
INFO: 2024/06/12 23:51:18 simulation.go:147: Drawing simulation
INFO: 2024/06/12 23:51:18 simulation.go:106: Updating simulation
INFO: 2024/06/12 23:51:18 simulation.go:121: Checking collisions
INFO: 2024/06/12 23:51:18 simulation.go:147: Drawing simulation
INFO: 2024/06/12 23:51:18 simulation.go:106: Updating simulation
INFO: 2024/06/12 23:51:18 simulation.go:121: Checking collisions
INFO: 2024/06/12 23:51:18 simulation.go:147: Drawing simulation
INFO: 2024/06/12 23:51:18 simulation.go:106: Updating simulation
INFO: 2024/06/12 23:51:18 simulation.go:121: Checking collisions
INFO: 2024/06/12 23:51:18 simulation.go:147: Drawing simulation
INFO: 2024/06/12 23:51:18 simulation.go:106: Updating simulation
INFO: 2024/06/12 23:51:18 simulation.go:121: Checking collisions
INFO: 2024/06/12 23:51:18 simulation.go:147: Drawing simulation
INFO: 2024/06/12 23:51:18 simulation.go:106: Updating simulation
INFO: 2024/06/12 23:51:18 simulation.go:121: Checking collisions
INFO: 2024/06/12 23:51:18 simulation.go:147: Drawing simulation
INFO: 2024/06/12 23:51:18 simulation.go:106: Updating simulation
INFO: 2024/06/12 23:51:18 simulation.go:121: Checking collisions
INFO: 2024/06/12 23:51:18 simulation.go:147: Drawing simulation
INFO: 2024/06/12 23:51:18 simulation.go:106: Updating simulation
INFO: 2024/06/12 23:51:18 simulation.go:121: Checking collisions
INFO: 2024/06/12 23:51:18 simulation.go:147: Drawing simulation
INFO: 2024/06/12 23:51:18 simulation.go:106: Updating simulation
INFO: 2024/06/12 23:51:18 simulation.go:121: Checking collisions
INFO: 2024/06/12 23:51:18 simulation.go:147: Drawing simulation
INFO: 2024/06/12 23:51:18 simulation.go:106: Updating simulation
INFO: 2024/06/12 23:51:18 simulation.go:121: Checking collisions
INFO: 2024/06/12 23:51:18 simulation.go:147: Drawing simulation
INFO: 2024/06/12 23:51:19 simulation.go:106: Updating simulation
INFO: 2024/06/12 23:51:19 simulation.go:121: Checking collisions
INFO: 2024/06/12 23:51:19 simulation.go:147: Drawing simulation
INFO: 2024/06/12 23:51:19 simulation.go:106: Updating simulation
INFO: 2024/06/12 23:51:19 simulation.go:121: Checking collisions
INFO: 2024/06/12 23:51:19 simulation.go:147: Drawing simulation
INFO: 2024/06/12 23:51:19 simulation.go:106: Updating simulation
INFO: 2024/06/12 23:51:19 simulation.go:121: Checking collisions
INFO: 2024/06/12 23:51:19 simulation.go:147: Drawing simulation
INFO: 2024/06/12 23:51:19 simulation.go:106: Updating simulation
INFO: 2024/06/12 23:51:19 simulation.go:121: Checking collisions
INFO: 2024/06/12 23:51:19 simulation.go:147: Drawing simulation
INFO: 2024/06/12 23:51:19 simulation.go:106: Updating simulation
INFO: 2024/06/12 23:51:19 simulation.go:121: Checking collisions
INFO: 2024/06/12 23:51:19 simulation.go:147: Drawing simulation
INFO: 2024/06/12 23:51:19 simulation.go:106: Updating simulation
INFO: 2024/06/12 23:51:19 simulation.go:121: Checking collisions
INFO: 2024/06/12 23:51:19 simulation.go:147: Drawing simulation
INFO: 2024/06/12 23:51:19 simulation.go:106: Updating simulation
INFO: 2024/06/12 23:51:19 simulation.go:121: Checking collisions
INFO: 2024/06/12 23:51:19 simulation.go:147: Drawing simulation
INFO: 2024/06/12 23:51:19 simulation.go:106: Updating simulation
INFO: 2024/06/12 23:51:19 simulation.go:121: Checking collisions
INFO: 2024/06/12 23:51:19 simulation.go:147: Drawing simulation
INFO: 2024/06/12 23:51:19 simulation.go:106: Updating simulation
INFO: 2024/06/12 23:51:19 simulation.go:121: Checking collisions
INFO: 2024/06/12 23:51:19 simulation.go:147: Drawing simulation
INFO: 2024/06/12 23:51:19 simulation.go:106: Updating simulation
INFO: 2024/06/12 23:51:19 snake.go:73: Reproducing snake
INFO: 2024/06/12 23:51:19 snake.go:77: New snake position: (88, 7)
INFO: 2024/06/12 23:51:19 simulation.go:63: Attempting to add a new snake
INFO: 2024/06/12 23:53:57 simulation.go:58: Simulation started
INFO: 2024/06/12 23:53:57 simulation.go:102: Updating simulation
INFO: 2024/06/12 23:53:57 simulation.go:117: Checking collisions
INFO: 2024/06/12 23:53:57 simulation.go:143: Drawing simulation
INFO: 2024/06/12 23:53:57 simulation.go:102: Updating simulation
INFO: 2024/06/12 23:53:57 simulation.go:117: Checking collisions
INFO: 2024/06/12 23:53:57 simulation.go:143: Drawing simulation
INFO: 2024/06/12 23:53:57 simulation.go:102: Updating simulation
INFO: 2024/06/12 23:53:57 simulation.go:117: Checking collisions
INFO: 2024/06/12 23:53:57 simulation.go:143: Drawing simulation
INFO: 2024/06/12 23:53:58 simulation.go:102: Updating simulation
INFO: 2024/06/12 23:53:58 simulation.go:117: Checking collisions
INFO: 2024/06/12 23:53:58 simulation.go:143: Drawing simulation
INFO: 2024/06/12 23:53:58 simulation.go:102: Updating simulation
INFO: 2024/06/12 23:53:58 simulation.go:117: Checking collisions
INFO: 2024/06/12 23:53:58 simulation.go:143: Drawing simulation
INFO: 2024/06/12 23:53:58 simulation.go:102: Updating simulation
INFO: 2024/06/12 23:53:58 simulation.go:117: Checking collisions
INFO: 2024/06/12 23:53:58 simulation.go:143: Drawing simulation
INFO: 2024/06/12 23:53:58 simulation.go:102: Updating simulation
INFO: 2024/06/12 23:53:58 simulation.go:117: Checking collisions
INFO: 2024/06/12 23:53:58 simulation.go:143: Drawing simulation
INFO: 2024/06/12 23:53:58 simulation.go:102: Updating simulation
INFO: 2024/06/12 23:53:58 simulation.go:117: Checking collisions
INFO: 2024/06/12 23:53:58 simulation.go:143: Drawing simulation
INFO: 2024/06/12 23:53:58 simulation.go:102: Updating simulation
INFO: 2024/06/12 23:53:58 simulation.go:117: Checking collisions
INFO: 2024/06/12 23:53:58 simulation.go:143: Drawing simulation
INFO: 2024/06/12 23:53:58 simulation.go:102: Updating simulation
INFO: 2024/06/12 23:53:58 simulation.go:117: Checking collisions
INFO: 2024/06/12 23:53:58 simulation.go:143: Drawing simulation
INFO: 2024/06/12 23:53:58 simulation.go:102: Updating simulation
INFO: 2024/06/12 23:53:58 simulation.go:117: Checking collisions
INFO: 2024/06/12 23:53:58 simulation.go:143: Drawing simulation
INFO: 2024/06/12 23:53:58 simulation.go:102: Updating simulation
INFO: 2024/06/12 23:53:58 simulation.go:117: Checking collisions
INFO: 2024/06/12 23:53:58 simulation.go:143: Drawing simulation
INFO: 2024/06/12 23:53:58 simulation.go:102: Updating simulation
INFO: 2024/06/12 23:53:58 simulation.go:117: Checking collisions
INFO: 2024/06/12 23:53:58 simulation.go:143: Drawing simulation
INFO: 2024/06/12 23:53:58 simulation.go:102: Updating simulation
INFO: 2024/06/12 23:53:58 simulation.go:117: Checking collisions
INFO: 2024/06/12 23:53:58 simulation.go:143: Drawing simulation
INFO: 2024/06/12 23:53:58 simulation.go:102: Updating simulation
INFO: 2024/06/12 23:53:58 simulation.go:117: Checking collisions
INFO: 2024/06/12 23:53:58 simulation.go:143: Drawing simulation
INFO: 2024/06/12 23:53:58 simulation.go:102: Updating simulation
INFO: 2024/06/12 23:53:58 simulation.go:117: Checking collisions
INFO: 2024/06/12 23:53:58 simulation.go:143: Drawing simulation
INFO: 2024/06/12 23:53:58 simulation.go:102: Updating simulation
INFO: 2024/06/12 23:53:58 simulation.go:117: Checking collisions
INFO: 2024/06/12 23:53:58 simulation.go:143: Drawing simulation
INFO: 2024/06/12 23:53:58 simulation.go:102: Updating simulation
INFO: 2024/06/12 23:53:58 simulation.go:117: Checking collisions
INFO: 2024/06/12 23:53:58 simulation.go:143: Drawing simulation
INFO: 2024/06/12 23:53:58 simulation.go:102: Updating simulation
INFO: 2024/06/12 23:53:58 simulation.go:117: Checking collisions
INFO: 2024/06/12 23:53:58 simulation.go:143: Drawing simulation
INFO: 2024/06/12 23:53:58 simulation.go:102: Updating simulation
INFO: 2024/06/12 23:53:58 simulation.go:117: Checking collisions
INFO: 2024/06/12 23:53:58 simulation.go:143: Drawing simulation
INFO: 2024/06/12 23:53:58 simulation.go:102: Updating simulation
INFO: 2024/06/12 23:53:58 simulation.go:117: Checking collisions
INFO: 2024/06/12 23:53:58 simulation.go:143: Drawing simulation
INFO: 2024/06/12 23:53:58 simulation.go:102: Updating simulation
INFO: 2024/06/12 23:53:58 simulation.go:117: Checking collisions
INFO: 2024/06/12 23:53:58 simulation.go:143: Drawing simulation
INFO: 2024/06/12 23:53:58 simulation.go:102: Updating simulation
INFO: 2024/06/12 23:53:58 simulation.go:117: Checking collisions
INFO: 2024/06/12 23:53:58 simulation.go:143: Drawing simulation
INFO: 2024/06/12 23:53:59 simulation.go:102: Updating simulation
INFO: 2024/06/12 23:53:59 simulation.go:117: Checking collisions
INFO: 2024/06/12 23:53:59 simulation.go:143: Drawing simulation
INFO: 2024/06/12 23:53:59 simulation.go:102: Updating simulation
INFO: 2024/06/12 23:53:59 simulation.go:117: Checking collisions
INFO: 2024/06/12 23:53:59 simulation.go:143: Drawing simulation
INFO: 2024/06/12 23:53:59 simulation.go:102: Updating simulation
INFO: 2024/06/12 23:53:59 simulation.go:117: Checking collisions
INFO: 2024/06/12 23:53:59 simulation.go:143: Drawing simulation
INFO: 2024/06/12 23:53:59 simulation.go:102: Updating simulation
INFO: 2024/06/12 23:53:59 simulation.go:117: Checking collisions
INFO: 2024/06/12 23:53:59 simulation.go:143: Drawing simulation
INFO: 2024/06/12 23:53:59 simulation.go:102: Updating simulation
INFO: 2024/06/12 23:53:59 simulation.go:117: Checking collisions
INFO: 2024/06/12 23:53:59 simulation.go:143: Drawing simulation
INFO: 2024/06/12 23:53:59 simulation.go:102: Updating simulation
INFO: 2024/06/12 23:53:59 simulation.go:117: Checking collisions
INFO: 2024/06/12 23:53:59 simulation.go:143: Drawing simulation
INFO: 2024/06/12 23:53:59 simulation.go:102: Updating simulation
INFO: 2024/06/12 23:53:59 simulation.go:117: Checking collisions
INFO: 2024/06/12 23:53:59 simulation.go:143: Drawing simulation
INFO: 2024/06/12 23:53:59 simulation.go:102: Updating simulation
INFO: 2024/06/12 23:53:59 simulation.go:117: Checking collisions
INFO: 2024/06/12 23:53:59 simulation.go:143: Drawing simulation
INFO: 2024/06/12 23:53:59 simulation.go:102: Updating simulation
INFO: 2024/06/12 23:53:59 simulation.go:117: Checking collisions
INFO: 2024/06/12 23:53:59 simulation.go:143: Drawing simulation
INFO: 2024/06/12 23:53:59 simulation.go:102: Updating simulation
INFO: 2024/06/12 23:53:59 simulation.go:117: Checking collisions
INFO: 2024/06/12 23:53:59 simulation.go:143: Drawing simulation
INFO: 2024/06/12 23:53:59 simulation.go:102: Updating simulation
INFO: 2024/06/12 23:53:59 simulation.go:117: Checking collisions
INFO: 2024/06/12 23:53:59 simulation.go:143: Drawing simulation
INFO: 2024/06/12 23:53:59 simulation.go:102: Updating simulation
INFO: 2024/06/12 23:53:59 simulation.go:117: Checking collisions
INFO: 2024/06/12 23:53:59 simulation.go:143: Drawing simulation
INFO: 2024/06/12 23:53:59 simulation.go:102: Updating simulation
INFO: 2024/06/12 23:53:59 simulation.go:117: Checking collisions
INFO: 2024/06/12 23:53:59 simulation.go:143: Drawing simulation
INFO: 2024/06/12 23:53:59 simulation.go:102: Updating simulation
INFO: 2024/06/12 23:53:59 simulation.go:117: Checking collisions
INFO: 2024/06/12 23:53:59 simulation.go:143: Drawing simulation
INFO: 2024/06/12 23:53:59 simulation.go:102: Updating simulation
INFO: 2024/06/12 23:53:59 simulation.go:117: Checking collisions
INFO: 2024/06/12 23:53:59 simulation.go:143: Drawing simulation
INFO: 2024/06/12 23:53:59 simulation.go:102: Updating simulation
INFO: 2024/06/12 23:53:59 simulation.go:117: Checking collisions
INFO: 2024/06/12 23:53:59 simulation.go:143: Drawing simulation
INFO: 2024/06/12 23:53:59 simulation.go:102: Updating simulation
INFO: 2024/06/12 23:53:59 simulation.go:117: Checking collisions
INFO: 2024/06/12 23:53:59 simulation.go:143: Drawing simulation
INFO: 2024/06/12 23:53:59 simulation.go:102: Updating simulation
INFO: 2024/06/12 23:53:59 simulation.go:117: Checking collisions
INFO: 2024/06/12 23:53:59 simulation.go:143: Drawing simulation
INFO: 2024/06/12 23:53:59 simulation.go:102: Updating simulation
INFO: 2024/06/12 23:53:59 snake.go:73: Reproducing snake
INFO: 2024/06/12 23:53:59 snake.go:77: New snake position: (88, 7)
INFO: 2024/06/12 23:53:59 simulation.go:63: Attempting to add a new snake
